<?xml version="1.0" encoding="UTF-8"?>
<!-- Generated by org.testng.reporters.JUnitReportReporter -->
<testsuite hostname="DESKTOP-FI8UJG3" failures="0" tests="5" name="dynamicJson.RunWithDataProvider" time="7.805" errors="0" timestamp="2022-07-09T13:48:04 IST" skipped="0">
  <testcase classname="dynamicJson.RunWithDataProvider" name="deleteBookById" time="0.390"/>
  <system-out/>
  <testcase classname="dynamicJson.RunWithDataProvider" name="addBook" time="5.929"/>
  <system-out/>
  <testcase classname="dynamicJson.RunWithDataProvider" name="addBook" time="0.478"/>
  <system-out/>
  <testcase classname="dynamicJson.RunWithDataProvider" name="addBook" time="0.394"/>
  <system-out/>
  <testcase classname="dynamicJson.RunWithDataProvider" name="addBook" time="0.614"/>
  <system-out/>
</testsuite> <!-- dynamicJson.RunWithDataProvider -->
