<?xml version="1.0" encoding="UTF-8"?>
<!-- Generated by org.testng.reporters.JUnitReportReporter -->
<testsuite hostname="DESKTOP-FI8UJG3" failures="0" tests="1" name="oauthAuthontication.Outh2Implementation" time="7.315" errors="0" timestamp="2022-07-12T13:53:00 IST" skipped="0">
  <testcase classname="oauthAuthontication.Outh2Implementation" name="validationOfOAuth2" time="7.315"/>
  <system-out/>
</testsuite> <!-- oauthAuthontication.Outh2Implementation -->
