<?xml version="1.0" encoding="UTF-8"?>
<!-- Generated by org.testng.reporters.JUnitReportReporter -->
<testsuite hostname="DESKTOP-FI8UJG3" failures="0" tests="1" name="serializationDemo.serializeTest" time="6.118" errors="0" timestamp="2022-07-13T21:10:32 IST" skipped="0">
  <testcase classname="serializationDemo.serializeTest" name="serializeAddPlace" time="6.118"/>
  <system-out/>
</testsuite> <!-- serializationDemo.serializeTest -->
