<?xml version="1.0" encoding="UTF-8"?>
<!-- Generated by org.testng.reporters.JUnitReportReporter -->
<testsuite hostname="DESKTOP-FI8UJG3" failures="0" tests="6" name="googleAPI.PostPutGet_Testng" time="13.031" errors="0" timestamp="2022-07-08T16:38:12 IST" skipped="0">
  <testcase classname="googleAPI.PostPutGet_Testng" name="postPlace" time="10.430"/>
  <system-out/>
  <testcase classname="googleAPI.PostPutGet_Testng" name="putPlace" time="0.660"/>
  <system-out/>
  <testcase classname="googleAPI.PostPutGet_Testng" name="getPlace" time="0.471"/>
  <system-out/>
  <testcase classname="googleAPI.PostPutGet_Testng" name="deletePlace" time="0.603"/>
  <system-out/>
  <testcase classname="googleAPI.PostPutGet_Testng" name="deletePlaceAgain" time="0.490"/>
  <system-out/>
  <testcase classname="googleAPI.PostPutGet_Testng" name="checkGetPlace" time="0.377"/>
  <system-out/>
</testsuite> <!-- googleAPI.PostPutGet_Testng -->
