<?xml version="1.0" encoding="UTF-8"?>
<!-- Generated by org.testng.reporters.JUnitReportReporter -->
<testsuite hostname="DESKTOP-FI8UJG3" failures="0" tests="6" name="googleAPI.PostPutGet_Testng" time="15.490" errors="0" timestamp="2022-07-13T14:57:48 IST" skipped="0">
  <testcase classname="googleAPI.PostPutGet_Testng" name="postPlace" time="11.631"/>
  <system-out/>
  <testcase classname="googleAPI.PostPutGet_Testng" name="putPlace" time="0.769"/>
  <system-out/>
  <testcase classname="googleAPI.PostPutGet_Testng" name="getPlace" time="0.547"/>
  <system-out/>
  <testcase classname="googleAPI.PostPutGet_Testng" name="deletePlace" time="0.651"/>
  <system-out/>
  <testcase classname="googleAPI.PostPutGet_Testng" name="deletePlaceAgain" time="0.654"/>
  <system-out/>
  <testcase classname="googleAPI.PostPutGet_Testng" name="checkGetPlace" time="1.238"/>
  <system-out/>
</testsuite> <!-- googleAPI.PostPutGet_Testng -->
