<?xml version="1.0" encoding="UTF-8"?>
<!-- Generated by org.testng.reporters.JUnitReportReporter -->
<testsuite hostname="DESKTOP-FI8UJG3" failures="0" tests="1" name="pojo.Outh2Implementation" time="11.368" errors="0" timestamp="2022-07-13T08:57:18 IST" skipped="0">
  <testcase classname="pojo.Outh2Implementation" name="validationOfOAuth2" time="11.368"/>
  <system-out/>
</testsuite> <!-- pojo.Outh2Implementation -->
