<?xml version="1.0" encoding="UTF-8"?>
<!-- Generated by org.testng.reporters.JUnitReportReporter -->
<testsuite hostname="DESKTOP-FI8UJG3" failures="0" tests="1" name="googleSerialize_DeserializationPojo.ImpSpecBuilder" time="7.496" errors="0" timestamp="2022-07-13T14:33:35 IST" skipped="0">
  <testcase classname="googleSerialize_DeserializationPojo.ImpSpecBuilder" name="serializeTest" time="7.496"/>
  <system-out/>
</testsuite> <!-- googleSerialize_DeserializationPojo.ImpSpecBuilder -->
