<?xml version="1.0" encoding="UTF-8"?>
<!-- Generated by org.testng.reporters.JUnitReportReporter -->
<testsuite hostname="DESKTOP-FI8UJG3" failures="0" tests="1" name="serialize_DeserializeDemo.serializeTest" time="5.944" errors="0" timestamp="2022-07-13T17:47:19 IST" skipped="0">
  <testcase classname="serialize_DeserializeDemo.serializeTest" name="serializeAddPlace" time="5.944"/>
  <system-out/>
</testsuite> <!-- serialize_DeserializeDemo.serializeTest -->
