<?xml version="1.0" encoding="UTF-8"?>
<!-- Generated by org.testng.reporters.JUnitReportReporter -->
<testsuite hostname="DESKTOP-FI8UJG3" failures="0" tests="6" name="googleAPI.ReadPayloadFromFile" time="9.070" errors="0" timestamp="2022-07-09T14:40:01 IST" skipped="0">
  <testcase classname="googleAPI.ReadPayloadFromFile" name="postPlace" time="5.173"/>
  <system-out/>
  <testcase classname="googleAPI.ReadPayloadFromFile" name="putPlace" time="0.649"/>
  <system-out/>
  <testcase classname="googleAPI.ReadPayloadFromFile" name="getPlace" time="1.391"/>
  <system-out/>
  <testcase classname="googleAPI.ReadPayloadFromFile" name="deletePlace" time="0.485"/>
  <system-out/>
  <testcase classname="googleAPI.ReadPayloadFromFile" name="deletePlaceAgain" time="0.606"/>
  <system-out/>
  <testcase classname="googleAPI.ReadPayloadFromFile" name="checkGetPlace" time="0.766"/>
  <system-out/>
</testsuite> <!-- googleAPI.ReadPayloadFromFile -->
