<?xml version="1.0" encoding="UTF-8"?>
<!-- Generated by org.testng.reporters.JUnitReportReporter -->
<testsuite hostname="DESKTOP-FI8UJG3" failures="0" tests="8" name="jiraApiAutomation.JiraApiAutomation" time="6.191" errors="0" timestamp="2022-07-11T11:37:18 IST" skipped="1">
  <testcase classname="jiraApiAutomation.JiraApiAutomation" name="loginToJira" time="2.551"/>
  <system-out/>
  <testcase classname="jiraApiAutomation.JiraApiAutomation" name="addBugIssue" time="1.731"/>
  <system-out/>
  <testcase classname="jiraApiAutomation.JiraApiAutomation" name="addBugComment" time="0.321"/>
  <system-out/>
  <testcase classname="jiraApiAutomation.JiraApiAutomation" name="updateBugComment" time="0.246"/>
  <system-out/>
  <testcase classname="jiraApiAutomation.JiraApiAutomation" name="addAttachmentToBug" time="0.841"/>
  <system-out/>
  <testcase classname="jiraApiAutomation.JiraApiAutomation" name="verifyBugAndIssue" time="0.336"/>
  <system-out/>
  <testcase classname="jiraApiAutomation.JiraApiAutomation" name="logoutSession" time="0.165"/>
  <system-out/>
  <testcase classname="jiraApiAutomation.JiraApiAutomation" name="deleteBugIssue">
    <skipped/>
  </testcase> <!-- deleteBugIssue -->
  <system-out/>
</testsuite> <!-- jiraApiAutomation.JiraApiAutomation -->
