<?xml version="1.0" encoding="UTF-8"?>
<!-- Generated by org.testng.reporters.JUnitReportReporter -->
<testsuite hostname="DESKTOP-FI8UJG3" failures="0" tests="1" name="complexJson.CoursePurchase" time="3.615" errors="0" timestamp="2022-07-08T22:16:04 IST" skipped="0">
  <testcase classname="complexJson.CoursePurchase" name="coursePurchaseValidation" time="3.615"/>
  <system-out/>
</testsuite> <!-- complexJson.CoursePurchase -->
