<?xml version="1.0" encoding="UTF-8"?>
<!-- Generated by org.testng.reporters.JUnitReportReporter -->
<testsuite hostname="DESKTOP-FI8UJG3" failures="0" tests="2" name="deserialization.DeserilizeTest" time="7.920" errors="0" timestamp="2022-07-13T21:28:28 IST" skipped="0">
  <testcase classname="deserialization.DeserilizeTest" name="postPlace" time="6.803"/>
  <system-out/>
  <testcase classname="deserialization.DeserilizeTest" name="getPlace" time="1.117"/>
  <system-out/>
</testsuite> <!-- deserialization.DeserilizeTest -->
