<?xml version="1.0" encoding="UTF-8"?>
<!-- Generated by org.testng.reporters.JUnitReportReporter -->
<testsuite hostname="DESKTOP-FI8UJG3" failures="0" tests="3" name="dynamicJson.HandleDynamicJson" time="7.044" errors="0" timestamp="2022-07-09T13:37:39 IST" skipped="0">
  <testcase classname="dynamicJson.HandleDynamicJson" name="addBook" time="5.236"/>
  <system-out/>
  <testcase classname="dynamicJson.HandleDynamicJson" name="getBookById" time="1.415"/>
  <system-out/>
  <testcase classname="dynamicJson.HandleDynamicJson" name="deleteBookById" time="0.393"/>
  <system-out/>
</testsuite> <!-- dynamicJson.HandleDynamicJson -->
