<?xml version="1.0" encoding="UTF-8"?>
<!-- Generated by org.testng.reporters.JUnitReportReporter -->
<testsuite hostname="DESKTOP-FI8UJG3" failures="0" tests="3" name="googlePojo.GooglePojo" time="11.202" errors="0" timestamp="2022-07-12T20:28:50 IST" skipped="0">
  <testcase classname="googlePojo.GooglePojo" name="postPlace" time="7.469"/>
  <system-out/>
  <testcase classname="googlePojo.GooglePojo" name="putPlace" time="2.614"/>
  <system-out/>
  <testcase classname="googlePojo.GooglePojo" name="getPlace" time="1.119"/>
  <system-out/>
</testsuite> <!-- googlePojo.GooglePojo -->
